{"level":"info","Appname":"MyApp","Loggername":"zerolog","category":"Postgres","subCategory":"","time":"2025-06-16T12:01:45+03:30","message":"Db connection established"}
{"level":"info","Appname":"MyApp","Loggername":"zerolog","category":"Postgres","subCategory":"","time":"2025-06-16T12:04:56+03:30","message":"Db connection established"}
{"level":"info","ts":"2025-06-16T12:05:42.688+0330","caller":"db/postgres.go:48","msg":"Db connection established","Appname":"MyAPP","LoggerName":"zap","Category":"Postgres","Sub":""}
{"level":"info","ts":"2025-06-16T12:18:43.013+0330","caller":"db/postgres.go:48","msg":"Db connection established","Appname":"MyAPP","LoggerName":"zap","Category":"Postgres","Sub":""}
{"level":"info","ts":"2025-06-17T19:11:03.307+0330","caller":"db/postgres.go:48","msg":"Db connection established","Appname":"MyAPP","LoggerName":"zap","Category":"Postgres","Sub":""}
{"level":"info","ts":"2025-06-17T19:12:41.423+0330","caller":"middlewares/logger.go:71","msg":"","Appname":"MyAPP","LoggerName":"zap","Path":"/api/v1/test/binder/body","ClientIp":"::1","Method":"POST","StatusCode":400,"BodySize":201,"ResponseBody":"{\"result\":{\"validation error\":\"Key: 'personData.MobileNumber' Error:Field validation for 'MobileNumber' failed on the 'mobile' tag\"},\"success\":false,\"resultCode\":-1,\"validationError\":null,\"error\":null}","Category":"RequestResponse","Sub":"","Latency":0.0033653,"ErrorMessage":"","RequestBody":"{\n  \"first_name\": \"string\",\n  \"last_name\": \"string\",\n  \"mobile_number\": \"stringstrin\"\n}"}
{"level":"info","ts":"2025-06-17T19:13:11.850+0330","caller":"middlewares/logger.go:71","msg":"","Appname":"MyAPP","LoggerName":"zap","ClientIp":"::1","Method":"POST","StatusCode":400,"ErrorMessage":"","BodySize":201,"RequestBody":"{\n  \"first_name\": \"string\",\n  \"last_name\": \"string\",\n  \"mobile_number\": \"stringstrin\"\n}","Category":"RequestResponse","Path":"/api/v1/test/binder/body","ResponseBody":"{\"result\":{\"validation error\":\"Key: 'personData.MobileNumber' Error:Field validation for 'MobileNumber' failed on the 'mobile' tag\"},\"success\":false,\"resultCode\":-1,\"validationError\":null,\"error\":null}","Sub":"","Latency":0.0016616}
{"level":"info","ts":"2025-06-17T19:13:44.476+0330","caller":"middlewares/logger.go:71","msg":"","Appname":"MyAPP","LoggerName":"zap","Latency":0.0024832,"StatusCode":200,"RequestBody":"{\n  \"first_name\": \"string\",\n  \"last_name\": \"string\",\n  \"mobile_number\": \"09911732328\"\n}","ResponseBody":"{\"result\":{\"person\":{\"first_name\":\"string\",\"last_name\":\"string\",\"mobile_number\":\"09911732328\"},\"result\":\"BodyBinder\"},\"success\":true,\"resultCode\":0,\"validationError\":null,\"error\":null}","Category":"RequestResponse","Sub":"","Path":"/api/v1/test/binder/body","ClientIp":"::1","Method":"POST","ErrorMessage":"","BodySize":184}
{"level":"info","ts":"2025-06-17T19:13:45.367+0330","caller":"middlewares/logger.go:71","msg":"","Appname":"MyAPP","LoggerName":"zap","BodySize":127,"ResponseBody":"{\"result\":null,\"success\":false,\"resultCode\":-100,\"validationError\":null,\"error\":\"429: You have reached maximum request limit.\"}","Category":"RequestResponse","RequestBody":"{\n  \"first_name\": \"string\",\n  \"last_name\": \"string\",\n  \"mobile_number\": \"09911732328\"\n}","Sub":"","Path":"/api/v1/test/binder/body","ClientIp":"::1","Method":"POST","Latency":0.0008563,"StatusCode":429,"ErrorMessage":""}
{"level":"info","ts":"2025-06-17T19:15:34.578+0330","caller":"middlewares/logger.go:71","msg":"","Appname":"MyAPP","LoggerName":"zap","ErrorMessage":"","RequestBody":"{\n  \"first_name\": \"string\",\n  \"last_name\": \"string\",\n  \"mobile_number\": \"09911732328\"\n}","ResponseBody":"{\"result\":{\"person\":{\"first_name\":\"string\",\"last_name\":\"string\",\"mobile_number\":\"09911732328\"},\"result\":\"BodyBinder\"},\"success\":true,\"resultCode\":0,\"validationError\":null,\"error\":null}","Sub":"","StatusCode":200,"BodySize":184,"Category":"RequestResponse","Path":"/api/v1/test/binder/body","ClientIp":"::1","Method":"POST","Latency":0.0012537}
{"level":"info","ts":"2025-06-17T19:15:34.806+0330","caller":"middlewares/logger.go:71","msg":"","Appname":"MyAPP","LoggerName":"zap","ClientIp":"::1","Method":"POST","StatusCode":429,"ErrorMessage":"","RequestBody":"{\n  \"first_name\": \"string\",\n  \"last_name\": \"string\",\n  \"mobile_number\": \"09911732328\"\n}","ResponseBody":"{\"result\":null,\"success\":false,\"resultCode\":-100,\"validationError\":null,\"error\":\"429: You have reached maximum request limit.\"}","Category":"RequestResponse","Path":"/api/v1/test/binder/body","Sub":"","BodySize":127,"Latency":0.0036674}
{"level":"info","ts":"2025-06-18T15:32:44.571+0330","caller":"db/postgres.go:47","msg":"Db connection established","Appname":"MyAPP","LoggerName":"zap","Sub":"Startup","Category":"Postgres"}
{"level":"info","ts":"2025-06-18T15:32:44.723+0330","caller":"migrations/1_Init.go:29","msg":"tables created","Appname":"MyAPP","LoggerName":"zap","Category":"Postgres","Sub":"Migration"}
{"level":"info","ts":"2025-06-18T16:00:28.972+0330","caller":"db/postgres.go:47","msg":"Db connection established","Appname":"MyAPP","LoggerName":"zap","Sub":"Startup","Category":"Postgres"}
{"level":"info","ts":"2025-06-18T16:00:28.981+0330","caller":"migrations/1_Init.go:29","msg":"tables created","Appname":"MyAPP","LoggerName":"zap","Category":"Postgres","Sub":"Migration"}
{"level":"info","ts":"2025-06-18T16:01:21.780+0330","caller":"db/postgres.go:47","msg":"Db connection established","Appname":"MyAPP","LoggerName":"zap","Category":"Postgres","Sub":"Startup"}
{"level":"info","ts":"2025-06-18T16:01:21.795+0330","caller":"migrations/1_Init.go:29","msg":"tables created","Appname":"MyAPP","LoggerName":"zap","Category":"Postgres","Sub":"Migration"}
{"level":"info","ts":"2025-06-22T19:45:24.953+0330","caller":"db/postgres.go:47","msg":"Db connection established","Appname":"MyAPP","LoggerName":"zap","Category":"Postgres","Sub":"Startup"}
{"level":"info","ts":"2025-06-22T19:45:25.019+0330","caller":"migrations/1_Init.go:38","msg":"tables created","Appname":"MyAPP","LoggerName":"zap","Category":"Postgres","Sub":"Migration"}
{"level":"info","ts":"2025-06-23T00:43:38.068+0330","caller":"db/postgres.go:47","msg":"Db connection established","Appname":"MyAPP","LoggerName":"zap","Category":"Postgres","Sub":"Startup"}
{"level":"info","ts":"2025-06-23T00:43:38.114+0330","caller":"migrations/1_Init.go:38","msg":"tables created","Appname":"MyAPP","LoggerName":"zap","Category":"Postgres","Sub":"Migration"}
{"level":"info","ts":"2025-06-23T00:44:11.035+0330","caller":"db/postgres.go:47","msg":"Db connection established","Appname":"MyAPP","LoggerName":"zap","Category":"Postgres","Sub":"Startup"}
{"level":"info","ts":"2025-06-23T00:44:11.049+0330","caller":"migrations/1_Init.go:38","msg":"tables created","Appname":"MyAPP","LoggerName":"zap","Category":"Postgres","Sub":"Migration"}
{"level":"info","ts":"2025-06-23T00:51:36.316+0330","caller":"db/postgres.go:47","msg":"Db connection established","Appname":"MyAPP","LoggerName":"zap","Category":"Postgres","Sub":"Startup"}
{"level":"info","ts":"2025-06-23T00:51:36.346+0330","caller":"migrations/1_Init.go:38","msg":"tables created","Appname":"MyAPP","LoggerName":"zap","Category":"Postgres","Sub":"Migration"}
{"level":"info","ts":"2025-06-27T21:22:33.100+0330","caller":"db/postgres.go:47","msg":"Db connection established","Appname":"MyAPP","LoggerName":"zap","Category":"Postgres","Sub":"Startup"}
{"level":"info","ts":"2025-06-27T21:22:33.177+0330","caller":"migrations/1_Init.go:38","msg":"tables created","Appname":"MyAPP","LoggerName":"zap","Category":"Postgres","Sub":"Migration"}
{"level":"info","ts":"2025-06-27T21:36:43.459+0330","caller":"db/postgres.go:47","msg":"Db connection established","Appname":"MyAPP","LoggerName":"zap","Category":"Postgres","Sub":"Startup"}
{"level":"info","ts":"2025-06-27T21:36:43.492+0330","caller":"migrations/1_Init.go:38","msg":"tables created","Appname":"MyAPP","LoggerName":"zap","Sub":"Migration","Category":"Postgres"}
{"level":"info","ts":"2025-06-27T21:42:28.522+0330","caller":"db/postgres.go:47","msg":"Db connection established","Appname":"MyAPP","LoggerName":"zap","Category":"Postgres","Sub":"Startup"}
{"level":"info","ts":"2025-06-27T21:42:28.532+0330","caller":"migrations/1_Init.go:38","msg":"tables created","Appname":"MyAPP","LoggerName":"zap","Category":"Postgres","Sub":"Migration"}
{"level":"info","ts":"2025-06-27T22:00:27.265+0330","caller":"db/postgres.go:47","msg":"Db connection established","Appname":"MyAPP","LoggerName":"zap","Category":"Postgres","Sub":"Startup"}
{"level":"info","ts":"2025-06-27T22:00:27.275+0330","caller":"migrations/1_Init.go:38","msg":"tables created","Appname":"MyAPP","LoggerName":"zap","Category":"Postgres","Sub":"Migration"}
{"level":"info","ts":"2025-06-27T22:00:56.869+0330","caller":"db/postgres.go:47","msg":"Db connection established","Appname":"MyAPP","LoggerName":"zap","Category":"Postgres","Sub":"Startup"}
{"level":"info","ts":"2025-06-27T22:00:56.881+0330","caller":"migrations/1_Init.go:38","msg":"tables created","Appname":"MyAPP","LoggerName":"zap","Category":"Postgres","Sub":"Migration"}
{"level":"info","ts":"2025-06-27T22:09:24.712+0330","caller":"db/postgres.go:47","msg":"Db connection established","Appname":"MyAPP","LoggerName":"zap","Category":"Postgres","Sub":"Startup"}
{"level":"info","ts":"2025-06-27T22:09:24.729+0330","caller":"migrations/1_Init.go:38","msg":"tables created","Appname":"MyAPP","LoggerName":"zap","Category":"Postgres","Sub":"Migration"}
{"level":"info","ts":"2025-06-28T12:20:09.638+0330","caller":"db/postgres.go:47","msg":"Db connection established","Appname":"MyAPP","LoggerName":"zap","Category":"Postgres","Sub":"Startup"}
{"level":"info","ts":"2025-06-28T12:20:09.688+0330","caller":"migrations/1_Init.go:38","msg":"tables created","Appname":"MyAPP","LoggerName":"zap","Category":"Postgres","Sub":"Migration"}
{"level":"info","ts":"2025-06-28T12:38:49.842+0330","caller":"db/postgres.go:47","msg":"Db connection established","Appname":"MyAPP","LoggerName":"zap","Category":"Postgres","Sub":"Startup"}
{"level":"info","ts":"2025-06-28T12:38:49.881+0330","caller":"migrations/1_Init.go:38","msg":"tables created","Appname":"MyAPP","LoggerName":"zap","Category":"Postgres","Sub":"Migration"}
{"level":"info","ts":"2025-06-28T19:13:49.285+0330","caller":"db/postgres.go:47","msg":"Db connection established","Appname":"MyAPP","LoggerName":"zap","Category":"Postgres","Sub":"Startup"}
{"level":"info","ts":"2025-06-28T19:13:49.332+0330","caller":"migrations/1_Init.go:38","msg":"tables created","Appname":"MyAPP","LoggerName":"zap","Category":"Postgres","Sub":"Migration"}
{"level":"info","ts":"2025-06-28T19:14:57.014+0330","caller":"middlewares/logger.go:71","msg":"","Appname":"MyAPP","LoggerName":"zap","ClientIp":"127.0.0.1","StatusCode":404,"ErrorMessage":"","ResponseBody":"","Sub":"Api","Category":"RequestResponse","Path":"","Method":"POST","Latency":0.0018607,"BodySize":-1,"RequestBody":"{\n  \"mobileNumber\": \"09911732328\"\n}"}
{"level":"info","ts":"2025-06-28T19:15:35.251+0330","caller":"middlewares/logger.go:71","msg":"","Appname":"MyAPP","LoggerName":"zap","StatusCode":404,"ErrorMessage":"","ResponseBody":"","ClientIp":"127.0.0.1","Method":"POST","Latency":0.0011169,"BodySize":-1,"RequestBody":"{\n  \"mobileNumber\": \"09911732328\"\n}","Category":"RequestResponse","Sub":"Api","Path":""}
{"level":"info","ts":"2025-06-28T19:15:35.552+0330","caller":"middlewares/logger.go:71","msg":"","Appname":"MyAPP","LoggerName":"zap","RequestBody":"{\n  \"mobileNumber\": \"09911732328\"\n}","ResponseBody":"{\"result\":null,\"success\":false,\"resultCode\":-100,\"validationError\":null,\"error\":\"429: You have reached maximum request limit.\"}","Category":"RequestResponse","Sub":"Api","Method":"POST","StatusCode":429,"BodySize":127,"ErrorMessage":"","Path":"","ClientIp":"127.0.0.1","Latency":0.0045009}
{"level":"info","ts":"2025-06-28T19:15:35.786+0330","caller":"middlewares/logger.go:71","msg":"","Appname":"MyAPP","LoggerName":"zap","Path":"","Latency":0.001768,"BodySize":127,"RequestBody":"{\n  \"mobileNumber\": \"09911732328\"\n}","ResponseBody":"{\"result\":null,\"success\":false,\"resultCode\":-100,\"validationError\":null,\"error\":\"429: You have reached maximum request limit.\"}","Category":"RequestResponse","ClientIp":"127.0.0.1","Method":"POST","StatusCode":429,"ErrorMessage":"","Sub":"Api"}
{"level":"info","ts":"2025-07-02T18:13:31.311+0330","caller":"db/postgres.go:47","msg":"Db connection established","Appname":"MyAPP","LoggerName":"zap","Category":"Postgres","Sub":"Startup"}
{"level":"info","ts":"2025-07-02T18:13:31.388+0330","caller":"migrations/1_Init.go:38","msg":"tables created","Appname":"MyAPP","LoggerName":"zap","Category":"Postgres","Sub":"Migration"}
{"level":"info","ts":"2025-07-02T18:18:43.977+0330","caller":"db/postgres.go:47","msg":"Db connection established","Appname":"MyAPP","LoggerName":"zap","Category":"Postgres","Sub":"Startup"}
{"level":"info","ts":"2025-07-02T18:18:44.001+0330","caller":"migrations/1_Init.go:38","msg":"tables created","Appname":"MyAPP","LoggerName":"zap","Category":"Postgres","Sub":"Migration"}
{"level":"info","ts":"2025-07-02T18:19:15.857+0330","caller":"db/postgres.go:47","msg":"Db connection established","Appname":"MyAPP","LoggerName":"zap","Sub":"Startup","Category":"Postgres"}
{"level":"info","ts":"2025-07-02T18:19:15.867+0330","caller":"migrations/1_Init.go:38","msg":"tables created","Appname":"MyAPP","LoggerName":"zap","Sub":"Migration","Category":"Postgres"}
{"level":"info","ts":"2025-07-02T18:20:15.487+0330","caller":"db/postgres.go:47","msg":"Db connection established","Appname":"MyAPP","LoggerName":"zap","Category":"Postgres","Sub":"Startup"}
{"level":"info","ts":"2025-07-02T18:20:15.498+0330","caller":"migrations/1_Init.go:38","msg":"tables created","Appname":"MyAPP","LoggerName":"zap","Category":"Postgres","Sub":"Migration"}
{"level":"info","ts":"2025-07-02T18:20:34.745+0330","caller":"db/postgres.go:47","msg":"Db connection established","Appname":"MyAPP","LoggerName":"zap","Category":"Postgres","Sub":"Startup"}
{"level":"info","ts":"2025-07-02T18:20:34.756+0330","caller":"migrations/1_Init.go:38","msg":"tables created","Appname":"MyAPP","LoggerName":"zap","Category":"Postgres","Sub":"Migration"}
{"level":"info","ts":"2025-07-02T18:20:57.594+0330","caller":"db/postgres.go:47","msg":"Db connection established","Appname":"MyAPP","LoggerName":"zap","Category":"Postgres","Sub":"Startup"}
{"level":"info","ts":"2025-07-02T18:20:57.607+0330","caller":"migrations/1_Init.go:38","msg":"tables created","Appname":"MyAPP","LoggerName":"zap","Category":"Postgres","Sub":"Migration"}
{"level":"info","ts":"2025-07-02T18:23:34.244+0330","caller":"db/postgres.go:47","msg":"Db connection established","Appname":"MyAPP","LoggerName":"zap","Category":"Postgres","Sub":"Startup"}
{"level":"info","ts":"2025-07-02T18:23:34.274+0330","caller":"migrations/1_Init.go:38","msg":"tables created","Appname":"MyAPP","LoggerName":"zap","Category":"Postgres","Sub":"Migration"}
{"level":"fatal","ts":"2025-07-02T18:28:00.285+0330","caller":"cmd/main.go:22","msg":"dial tcp [::1]:6379: connectex: A connection attempt failed because the connected party did not properly respond after a period of time, or established connection failed because connected host has failed to respond.","Appname":"MyAPP","LoggerName":"zap","Category":"Redis","Sub":"Startup","stacktrace":"main.main\n\tC:/Users/Tak Rayaneh/Desktop/GOLANG_CLEAN_WEB_API/src/cmd/main.go:22\nruntime.main\n\tC:/Program Files/Go/src/runtime/proc.go:272"}
{"level":"fatal","ts":"2025-07-02T18:28:22.618+0330","caller":"cmd/main.go:22","msg":"dial tcp [::1]:6379: connectex: A connection attempt failed because the connected party did not properly respond after a period of time, or established connection failed because connected host has failed to respond.","Appname":"MyAPP","LoggerName":"zap","Category":"Redis","Sub":"Startup","stacktrace":"main.main\n\tC:/Users/Tak Rayaneh/Desktop/GOLANG_CLEAN_WEB_API/src/cmd/main.go:22\nruntime.main\n\tC:/Program Files/Go/src/runtime/proc.go:272"}
{"level":"info","ts":"2025-07-02T18:30:42.371+0330","caller":"db/postgres.go:47","msg":"Db connection established","Appname":"MyAPP","LoggerName":"zap","Category":"Postgres","Sub":"Startup"}
{"level":"info","ts":"2025-07-02T18:30:42.423+0330","caller":"migrations/1_Init.go:38","msg":"tables created","Appname":"MyAPP","LoggerName":"zap","Category":"Postgres","Sub":"Migration"}
{"level":"info","ts":"2025-07-02T18:44:42.666+0330","caller":"db/postgres.go:47","msg":"Db connection established","Appname":"MyAPP","LoggerName":"zap","Category":"Postgres","Sub":"Startup"}
{"level":"info","ts":"2025-07-02T18:44:42.686+0330","caller":"migrations/1_Init.go:38","msg":"tables created","Appname":"MyAPP","LoggerName":"zap","Category":"Postgres","Sub":"Migration"}
{"level":"info","ts":"2025-07-02T18:47:58.637+0330","caller":"db/postgres.go:47","msg":"Db connection established","Appname":"MyAPP","LoggerName":"zap","Category":"Postgres","Sub":"Startup"}
{"level":"info","ts":"2025-07-02T18:47:58.649+0330","caller":"migrations/1_Init.go:38","msg":"tables created","Appname":"MyAPP","LoggerName":"zap","Sub":"Migration","Category":"Postgres"}
{"level":"info","ts":"2025-07-02T18:54:59.821+0330","caller":"db/postgres.go:47","msg":"Db connection established","Appname":"MyAPP","LoggerName":"zap","Category":"Postgres","Sub":"Startup"}
{"level":"info","ts":"2025-07-02T18:54:59.832+0330","caller":"migrations/1_Init.go:38","msg":"tables created","Appname":"MyAPP","LoggerName":"zap","Sub":"Migration","Category":"Postgres"}
{"level":"info","ts":"2025-07-02T19:00:28.984+0330","caller":"db/postgres.go:47","msg":"Db connection established","Appname":"MyAPP","LoggerName":"zap","Category":"Postgres","Sub":"Startup"}
{"level":"info","ts":"2025-07-02T19:00:29.002+0330","caller":"migrations/1_Init.go:38","msg":"tables created","Appname":"MyAPP","LoggerName":"zap","Category":"Postgres","Sub":"Migration"}
{"level":"info","ts":"2025-07-02T19:16:11.100+0330","caller":"db/postgres.go:47","msg":"Db connection established","Appname":"MyAPP","LoggerName":"zap","Category":"Postgres","Sub":"Startup"}
{"level":"info","ts":"2025-07-02T19:16:11.123+0330","caller":"migrations/1_Init.go:38","msg":"tables created","Appname":"MyAPP","LoggerName":"zap","Category":"Postgres","Sub":"Migration"}
{"level":"info","ts":"2025-07-02T19:28:59.528+0330","caller":"db/postgres.go:47","msg":"Db connection established","Appname":"MyAPP","LoggerName":"zap","Category":"Postgres","Sub":"Startup"}
{"level":"info","ts":"2025-07-02T19:28:59.540+0330","caller":"migrations/1_Init.go:38","msg":"tables created","Appname":"MyAPP","LoggerName":"zap","Category":"Postgres","Sub":"Migration"}
{"level":"info","ts":"2025-07-02T19:51:16.390+0330","caller":"db/postgres.go:47","msg":"Db connection established","Appname":"MyAPP","LoggerName":"zap","Category":"Postgres","Sub":"Startup"}
{"level":"info","ts":"2025-07-02T19:51:16.399+0330","caller":"migrations/1_Init.go:38","msg":"tables created","Appname":"MyAPP","LoggerName":"zap","Sub":"Migration","Category":"Postgres"}
{"level":"info","ts":"2025-07-02T19:52:36.809+0330","caller":"db/postgres.go:47","msg":"Db connection established","Appname":"MyAPP","LoggerName":"zap","Category":"Postgres","Sub":"Startup"}
{"level":"info","ts":"2025-07-02T19:52:36.820+0330","caller":"migrations/1_Init.go:38","msg":"tables created","Appname":"MyAPP","LoggerName":"zap","Category":"Postgres","Sub":"Migration"}
{"level":"info","ts":"2025-07-02T19:54:05.731+0330","caller":"db/postgres.go:47","msg":"Db connection established","Appname":"MyAPP","LoggerName":"zap","Category":"Postgres","Sub":"Startup"}
{"level":"info","ts":"2025-07-02T19:54:05.748+0330","caller":"migrations/1_Init.go:38","msg":"tables created","Appname":"MyAPP","LoggerName":"zap","Category":"Postgres","Sub":"Migration"}
{"level":"info","ts":"2025-07-02T20:06:04.984+0330","caller":"db/postgres.go:47","msg":"Db connection established","Appname":"MyAPP","LoggerName":"zap","Category":"Postgres","Sub":"Startup"}
{"level":"info","ts":"2025-07-02T20:06:05.002+0330","caller":"migrations/1_Init.go:38","msg":"tables created","Appname":"MyAPP","LoggerName":"zap","Category":"Postgres","Sub":"Migration"}
{"level":"info","ts":"2025-07-02T20:18:09.054+0330","caller":"db/postgres.go:47","msg":"Db connection established","Appname":"MyAPP","LoggerName":"zap","Category":"Postgres","Sub":"Startup"}
{"level":"info","ts":"2025-07-02T20:18:09.065+0330","caller":"migrations/1_Init.go:38","msg":"tables created","Appname":"MyAPP","LoggerName":"zap","Category":"Postgres","Sub":"Migration"}
{"level":"info","ts":"2025-07-02T20:22:12.563+0330","caller":"db/postgres.go:47","msg":"Db connection established","Appname":"MyAPP","LoggerName":"zap","Category":"Postgres","Sub":"Startup"}
{"level":"info","ts":"2025-07-02T20:22:12.571+0330","caller":"migrations/1_Init.go:38","msg":"tables created","Appname":"MyAPP","LoggerName":"zap","Category":"Postgres","Sub":"Migration"}
{"level":"info","ts":"2025-07-02T20:22:56.353+0330","caller":"db/postgres.go:47","msg":"Db connection established","Appname":"MyAPP","LoggerName":"zap","Category":"Postgres","Sub":"Startup"}
{"level":"info","ts":"2025-07-02T20:22:56.365+0330","caller":"migrations/1_Init.go:38","msg":"tables created","Appname":"MyAPP","LoggerName":"zap","Sub":"Migration","Category":"Postgres"}
{"level":"info","ts":"2025-07-02T22:29:04.557+0330","caller":"db/postgres.go:47","msg":"Db connection established","Appname":"MyAPP","LoggerName":"zap","Category":"Postgres","Sub":"Startup"}
{"level":"info","ts":"2025-07-02T22:29:04.611+0330","caller":"migrations/1_Init.go:38","msg":"tables created","Appname":"MyAPP","LoggerName":"zap","Category":"Postgres","Sub":"Migration"}
{"level":"info","ts":"2025-07-02T22:39:37.402+0330","caller":"db/postgres.go:47","msg":"Db connection established","Appname":"MyAPP","LoggerName":"zap","Category":"Postgres","Sub":"Startup"}
{"level":"info","ts":"2025-07-02T22:39:37.417+0330","caller":"migrations/1_Init.go:38","msg":"tables created","Appname":"MyAPP","LoggerName":"zap","Sub":"Migration","Category":"Postgres"}
